# JRE version: Java(TM) SE Runtime Environment (8.0_261-b12) (build 1.8.0_261-b12)
# Java VM: Java HotSpot(TM) 64-Bit Server VM (25.261-b12 mixed mode windows-amd64 compressed oops)
Heap:
 PSYoungGen      total 27648K, used 16479K [0x00000000eb500000, 0x00000000edb00000, 0x0000000100000000)
  eden space 16384K, 59% used [0x00000000eb500000,0x00000000ebe71cc0,0x00000000ec500000)
  from space 11264K, 60% used [0x00000000ec500000,0x00000000ecba6110,0x00000000ed000000)
  to   space 11264K, 0% used [0x00000000ed000000,0x00000000ed000000,0x00000000edb00000)
 ParOldGen       total 37888K, used 13160K [0x00000000c1e00000, 0x00000000c4300000, 0x00000000eb500000)
  object space 37888K, 34% used [0x00000000c1e00000,0x00000000c2ada390,0x00000000c4300000)
 Metaspace       used 30943K, capacity 32354K, committed 32768K, reserved 1077248K
  class space    used 4288K, capacity 4582K, committed 4608K, reserved 1048576K
GC Heap History (10 events):
Event: 11.525 GC heap before
{Heap before GC invocations=4 (full 0):
 PSYoungGen      total 18944K, used 18912K [0x00000000eb500000, 0x00000000eda00000, 0x0000000100000000)
  eden space 16384K, 100% used [0x00000000eb500000,0x00000000ec500000,0x00000000ec500000)
  from space 2560K, 98% used [0x00000000ec500000,0x00000000ec778060,0x00000000ec780000)
  to   space 2560K, 0% used [0x00000000ed780000,0x00000000ed780000,0x00000000eda00000)
 ParOldGen       total 44032K, used 7423K [0x00000000c1e00000, 0x00000000c4900000, 0x00000000eb500000)
  object space 44032K, 16% used [0x00000000c1e00000,0x00000000c253fe70,0x00000000c4900000)
 Metaspace       used 19754K, capacity 20510K, committed 20736K, reserved 1067008K
  class space    used 2825K, capacity 3034K, committed 3072K, reserved 1048576K
Event: 11.535 GC heap after
Heap after GC invocations=4 (full 0):
 PSYoungGen      total 18944K, used 2557K [0x00000000eb500000, 0x00000000eda00000, 0x0000000100000000)
  eden space 16384K, 0% used [0x00000000eb500000,0x00000000eb500000,0x00000000ec500000)
  from space 2560K, 99% used [0x00000000ed780000,0x00000000ed9ff558,0x00000000eda00000)
  to   space 2560K, 0% used [0x00000000ec500000,0x00000000ec500000,0x00000000ec780000)
 ParOldGen       total 44032K, used 13910K [0x00000000c1e00000, 0x00000000c4900000, 0x00000000eb500000)
  object space 44032K, 31% used [0x00000000c1e00000,0x00000000c2b95880,0x00000000c4900000)
 Metaspace       used 19754K, capacity 20510K, committed 20736K, reserved 1067008K
  class space    used 2825K, capacity 3034K, committed 3072K, reserved 1048576K
}
Event: 18.062 GC heap before
{Heap before GC invocations=5 (full 0):
 PSYoungGen      total 18944K, used 7173K [0x00000000eb500000, 0x00000000eda00000, 0x0000000100000000)
  eden space 16384K, 28% used [0x00000000eb500000,0x00000000eb9821b8,0x00000000ec500000)
  from space 2560K, 99% used [0x00000000ed780000,0x00000000ed9ff558,0x00000000eda00000)
  to   space 2560K, 0% used [0x00000000ec500000,0x00000000ec500000,0x00000000ec780000)
 ParOldGen       total 44032K, used 13910K [0x00000000c1e00000, 0x00000000c4900000, 0x00000000eb500000)
  object space 44032K, 31% used [0x00000000c1e00000,0x00000000c2b95880,0x00000000c4900000)
 Metaspace       used 20352K, capacity 21134K, committed 21296K, reserved 1067008K
  class space    used 2865K, capacity 3080K, committed 3200K, reserved 1048576K
Event: 18.073 GC heap after
Heap after GC invocations=5 (full 0):
 PSYoungGen      total 18944K, used 2528K [0x00000000eb500000, 0x00000000edb00000, 0x0000000100000000)
  eden space 16384K, 0% used [0x00000000eb500000,0x00000000eb500000,0x00000000ec500000)
  from space 2560K, 98% used [0x00000000ec500000,0x00000000ec778010,0x00000000ec780000)
  to   space 11264K, 0% used [0x00000000ed000000,0x00000000ed000000,0x00000000edb00000)
 ParOldGen       total 44032K, used 14739K [0x00000000c1e00000, 0x00000000c4900000, 0x00000000eb500000)
  object space 44032K, 33% used [0x00000000c1e00000,0x00000000c2c64e78,0x00000000c4900000)
 Metaspace       used 20352K, capacity 21134K, committed 21296K, reserved 1067008K
  class space    used 2865K, capacity 3080K, committed 3200K, reserved 1048576K
}
Event: 18.073 GC heap before
{Heap before GC invocations=6 (full 1):
 PSYoungGen      total 18944K, used 2528K [0x00000000eb500000, 0x00000000edb00000, 0x0000000100000000)
  eden space 16384K, 0% used [0x00000000eb500000,0x00000000eb500000,0x00000000ec500000)
  from space 2560K, 98% used [0x00000000ec500000,0x00000000ec778010,0x00000000ec780000)
  to   space 11264K, 0% used [0x00000000ed000000,0x00000000ed000000,0x00000000edb00000)
 ParOldGen       total 44032K, used 14739K [0x00000000c1e00000, 0x00000000c4900000, 0x00000000eb500000)
  object space 44032K, 33% used [0x00000000c1e00000,0x00000000c2c64e78,0x00000000c4900000)
 Metaspace       used 20352K, capacity 21134K, committed 21296K, reserved 1067008K
  class space    used 2865K, capacity 3080K, committed 3200K, reserved 1048576K
Event: 18.115 GC heap after
Heap after GC invocations=6 (full 1):
 PSYoungGen      total 18944K, used 0K [0x00000000eb500000, 0x00000000edb00000, 0x0000000100000000)
  eden space 16384K, 0% used [0x00000000eb500000,0x00000000eb500000,0x00000000ec500000)
  from space 2560K, 0% used [0x00000000ec500000,0x00000000ec500000,0x00000000ec780000)
  to   space 11264K, 0% used [0x00000000ed000000,0x00000000ed000000,0x00000000edb00000)
 ParOldGen       total 37888K, used 13144K [0x00000000c1e00000, 0x00000000c4300000, 0x00000000eb500000)
  object space 37888K, 34% used [0x00000000c1e00000,0x00000000c2ad6390,0x00000000c4300000)
 Metaspace       used 20352K, capacity 21134K, committed 21296K, reserved 1067008K
  class space    used 2865K, capacity 3080K, committed 3200K, reserved 1048576K
}
Event: 18.674 GC heap before
{Heap before GC invocations=7 (full 1):
 PSYoungGen      total 18944K, used 13593K [0x00000000eb500000, 0x00000000edb00000, 0x0000000100000000)
  eden space 16384K, 82% used [0x00000000eb500000,0x00000000ec246450,0x00000000ec500000)
  from space 2560K, 0% used [0x00000000ec500000,0x00000000ec500000,0x00000000ec780000)
  to   space 11264K, 0% used [0x00000000ed000000,0x00000000ed000000,0x00000000edb00000)
 ParOldGen       total 37888K, used 13144K [0x00000000c1e00000, 0x00000000c4300000, 0x00000000eb500000)
  object space 37888K, 34% used [0x00000000c1e00000,0x00000000c2ad6390,0x00000000c4300000)
 Metaspace       used 22558K, capacity 23882K, committed 24064K, reserved 1069056K
  class space    used 3242K, capacity 3524K, committed 3584K, reserved 1048576K
Event: 18.681 GC heap after
Heap after GC invocations=7 (full 1):
 PSYoungGen      total 27648K, used 2084K [0x00000000eb500000, 0x00000000ee780000, 0x0000000100000000)
  eden space 16384K, 0% used [0x00000000eb500000,0x00000000eb500000,0x00000000ec500000)
  from space 11264K, 18% used [0x00000000ed000000,0x00000000ed209120,0x00000000edb00000)
  to   space 11264K, 0% used [0x00000000ec500000,0x00000000ec500000,0x00000000ed000000)
 ParOldGen       total 37888K, used 13152K [0x00000000c1e00000, 0x00000000c4300000, 0x00000000eb500000)
  object space 37888K, 34% used [0x00000000c1e00000,0x00000000c2ad8390,0x00000000c4300000)
 Metaspace       used 22558K, capacity 23882K, committed 24064K, reserved 1069056K
  class space    used 3242K, capacity 3524K, committed 3584K, reserved 1048576K
}
Event: 24.036 GC heap before
{Heap before GC invocations=8 (full 1):
 PSYoungGen      total 27648K, used 18468K [0x00000000eb500000, 0x00000000ee780000, 0x0000000100000000)
  eden space 16384K, 100% used [0x00000000eb500000,0x00000000ec500000,0x00000000ec500000)
  from space 11264K, 18% used [0x00000000ed000000,0x00000000ed209120,0x00000000edb00000)
  to   space 11264K, 0% used [0x00000000ec500000,0x00000000ec500000,0x00000000ed000000)
 ParOldGen       total 37888K, used 13152K [0x00000000c1e00000, 0x00000000c4300000, 0x00000000eb500000)
  object space 37888K, 34% used [0x00000000c1e00000,0x00000000c2ad8390,0x00000000c4300000)
 Metaspace       used 27290K, capacity 28650K, committed 28928K, reserved 1075200K
  class space    used 3777K, capacity 4058K, committed 4096K, reserved 1048576K
Event: 24.042 GC heap after
Heap after GC invocations=8 (full 1):
 PSYoungGen      total 27648K, used 6808K [0x00000000eb500000, 0x00000000edb00000, 0x0000000100000000)
  eden space 16384K, 0% used [0x00000000eb500000,0x00000000eb500000,0x00000000ec500000)
  from space 11264K, 60% used [0x00000000ec500000,0x00000000ecba6110,0x00000000ed000000)
  to   space 11264K, 0% used [0x00000000ed000000,0x00000000ed000000,0x00000000edb00000)
 ParOldGen       total 37888K, used 13160K [0x00000000c1e00000, 0x00000000c4300000, 0x00000000eb500000)
  object space 37888K, 34% used [0x00000000c1e00000,0x00000000c2ada390,0x00000000c4300000)
 Metaspace       used 27290K, capacity 28650K, committed 28928K, reserved 1075200K
  class space    used 3777K, capacity 4058K, committed 4096K, reserved 1048576K
}

