# JRE version: Java(TM) SE Runtime Environment (8.0_261-b12) (build 1.8.0_261-b12)
# Java VM: Java HotSpot(TM) 64-Bit Server VM (25.261-b12 mixed mode windows-amd64 compressed oops)
Heap:
 PSYoungGen      total 26112K, used 17390K [0x00000000eb500000, 0x00000000ed900000, 0x0000000100000000)
  eden space 16384K, 64% used [0x00000000eb500000,0x00000000ebf3d760,0x00000000ec500000)
  from space 9728K, 70% used [0x00000000ec500000,0x00000000ecbbe110,0x00000000ece80000)
  to   space 10240K, 0% used [0x00000000ecf00000,0x00000000ecf00000,0x00000000ed900000)
 ParOldGen       total 36864K, used 13395K [0x00000000c1e00000, 0x00000000c4200000, 0x00000000eb500000)
  object space 36864K, 36% used [0x00000000c1e00000,0x00000000c2b14fb8,0x00000000c4200000)
 Metaspace       used 31094K, capacity 32478K, committed 32768K, reserved 1077248K
  class space    used 4310K, capacity 4582K, committed 4608K, reserved 1048576K
GC Heap History (10 events):
Event: 8.552 GC heap before
{Heap before GC invocations=4 (full 0):
 PSYoungGen      total 18944K, used 18912K [0x00000000eb500000, 0x00000000eca00000, 0x0000000100000000)
  eden space 16384K, 100% used [0x00000000eb500000,0x00000000ec500000,0x00000000ec500000)
  from space 2560K, 98% used [0x00000000ec500000,0x00000000ec778060,0x00000000ec780000)
  to   space 2560K, 0% used [0x00000000ec780000,0x00000000ec780000,0x00000000eca00000)
 ParOldGen       total 44032K, used 7444K [0x00000000c1e00000, 0x00000000c4900000, 0x00000000eb500000)
  object space 44032K, 16% used [0x00000000c1e00000,0x00000000c25453e0,0x00000000c4900000)
 Metaspace       used 19774K, capacity 20580K, committed 20736K, reserved 1067008K
  class space    used 2830K, capacity 3035K, committed 3072K, reserved 1048576K
Event: 8.560 GC heap after
Heap after GC invocations=4 (full 0):
 PSYoungGen      total 18944K, used 2528K [0x00000000eb500000, 0x00000000eca00000, 0x0000000100000000)
  eden space 16384K, 0% used [0x00000000eb500000,0x00000000eb500000,0x00000000ec500000)
  from space 2560K, 98% used [0x00000000ec780000,0x00000000ec9f8030,0x00000000eca00000)
  to   space 2560K, 0% used [0x00000000ec500000,0x00000000ec500000,0x00000000ec780000)
 ParOldGen       total 44032K, used 11956K [0x00000000c1e00000, 0x00000000c4900000, 0x00000000eb500000)
  object space 44032K, 27% used [0x00000000c1e00000,0x00000000c29ad1b8,0x00000000c4900000)
 Metaspace       used 19774K, capacity 20580K, committed 20736K, reserved 1067008K
  class space    used 2830K, capacity 3035K, committed 3072K, reserved 1048576K
}
Event: 10.310 GC heap before
{Heap before GC invocations=5 (full 0):
 PSYoungGen      total 18944K, used 6557K [0x00000000eb500000, 0x00000000eca00000, 0x0000000100000000)
  eden space 16384K, 24% used [0x00000000eb500000,0x00000000eb8ef5e8,0x00000000ec500000)
  from space 2560K, 98% used [0x00000000ec780000,0x00000000ec9f8030,0x00000000eca00000)
  to   space 2560K, 0% used [0x00000000ec500000,0x00000000ec500000,0x00000000ec780000)
 ParOldGen       total 44032K, used 11956K [0x00000000c1e00000, 0x00000000c4900000, 0x00000000eb500000)
  object space 44032K, 27% used [0x00000000c1e00000,0x00000000c29ad1b8,0x00000000c4900000)
 Metaspace       used 20306K, capacity 21138K, committed 21296K, reserved 1067008K
  class space    used 2868K, capacity 3080K, committed 3200K, reserved 1048576K
Event: 10.317 GC heap after
Heap after GC invocations=5 (full 0):
 PSYoungGen      total 18944K, used 2544K [0x00000000eb500000, 0x00000000ed800000, 0x0000000100000000)
  eden space 16384K, 0% used [0x00000000eb500000,0x00000000eb500000,0x00000000ec500000)
  from space 2560K, 99% used [0x00000000ec500000,0x00000000ec77c040,0x00000000ec780000)
  to   space 9728K, 0% used [0x00000000ece80000,0x00000000ece80000,0x00000000ed800000)
 ParOldGen       total 44032K, used 12706K [0x00000000c1e00000, 0x00000000c4900000, 0x00000000eb500000)
  object space 44032K, 28% used [0x00000000c1e00000,0x00000000c2a688b8,0x00000000c4900000)
 Metaspace       used 20306K, capacity 21138K, committed 21296K, reserved 1067008K
  class space    used 2868K, capacity 3080K, committed 3200K, reserved 1048576K
}
Event: 10.317 GC heap before
{Heap before GC invocations=6 (full 1):
 PSYoungGen      total 18944K, used 2544K [0x00000000eb500000, 0x00000000ed800000, 0x0000000100000000)
  eden space 16384K, 0% used [0x00000000eb500000,0x00000000eb500000,0x00000000ec500000)
  from space 2560K, 99% used [0x00000000ec500000,0x00000000ec77c040,0x00000000ec780000)
  to   space 9728K, 0% used [0x00000000ece80000,0x00000000ece80000,0x00000000ed800000)
 ParOldGen       total 44032K, used 12706K [0x00000000c1e00000, 0x00000000c4900000, 0x00000000eb500000)
  object space 44032K, 28% used [0x00000000c1e00000,0x00000000c2a688b8,0x00000000c4900000)
 Metaspace       used 20306K, capacity 21138K, committed 21296K, reserved 1067008K
  class space    used 2868K, capacity 3080K, committed 3200K, reserved 1048576K
Event: 10.361 GC heap after
Heap after GC invocations=6 (full 1):
 PSYoungGen      total 18944K, used 0K [0x00000000eb500000, 0x00000000ed800000, 0x0000000100000000)
  eden space 16384K, 0% used [0x00000000eb500000,0x00000000eb500000,0x00000000ec500000)
  from space 2560K, 0% used [0x00000000ec500000,0x00000000ec500000,0x00000000ec780000)
  to   space 9728K, 0% used [0x00000000ece80000,0x00000000ece80000,0x00000000ed800000)
 ParOldGen       total 36864K, used 13379K [0x00000000c1e00000, 0x00000000c4200000, 0x00000000eb500000)
  object space 36864K, 36% used [0x00000000c1e00000,0x00000000c2b10fb8,0x00000000c4200000)
 Metaspace       used 20306K, capacity 21138K, committed 21296K, reserved 1067008K
  class space    used 2868K, capacity 3080K, committed 3200K, reserved 1048576K
}
Event: 10.873 GC heap before
{Heap before GC invocations=7 (full 1):
 PSYoungGen      total 18944K, used 13935K [0x00000000eb500000, 0x00000000ed800000, 0x0000000100000000)
  eden space 16384K, 85% used [0x00000000eb500000,0x00000000ec29be18,0x00000000ec500000)
  from space 2560K, 0% used [0x00000000ec500000,0x00000000ec500000,0x00000000ec780000)
  to   space 9728K, 0% used [0x00000000ece80000,0x00000000ece80000,0x00000000ed800000)
 ParOldGen       total 36864K, used 13379K [0x00000000c1e00000, 0x00000000c4200000, 0x00000000eb500000)
  object space 36864K, 36% used [0x00000000c1e00000,0x00000000c2b10fb8,0x00000000c4200000)
 Metaspace       used 22532K, capacity 23882K, committed 24064K, reserved 1069056K
  class space    used 3250K, capacity 3524K, committed 3584K, reserved 1048576K
Event: 10.881 GC heap after
Heap after GC invocations=7 (full 1):
 PSYoungGen      total 26112K, used 2148K [0x00000000eb500000, 0x00000000ee280000, 0x0000000100000000)
  eden space 16384K, 0% used [0x00000000eb500000,0x00000000eb500000,0x00000000ec500000)
  from space 9728K, 22% used [0x00000000ece80000,0x00000000ed099120,0x00000000ed800000)
  to   space 9728K, 0% used [0x00000000ec500000,0x00000000ec500000,0x00000000ece80000)
 ParOldGen       total 36864K, used 13387K [0x00000000c1e00000, 0x00000000c4200000, 0x00000000eb500000)
  object space 36864K, 36% used [0x00000000c1e00000,0x00000000c2b12fb8,0x00000000c4200000)
 Metaspace       used 22532K, capacity 23882K, committed 24064K, reserved 1069056K
  class space    used 3250K, capacity 3524K, committed 3584K, reserved 1048576K
}
Event: 15.662 GC heap before
{Heap before GC invocations=8 (full 1):
 PSYoungGen      total 26112K, used 18532K [0x00000000eb500000, 0x00000000ee280000, 0x0000000100000000)
  eden space 16384K, 100% used [0x00000000eb500000,0x00000000ec500000,0x00000000ec500000)
  from space 9728K, 22% used [0x00000000ece80000,0x00000000ed099120,0x00000000ed800000)
  to   space 9728K, 0% used [0x00000000ec500000,0x00000000ec500000,0x00000000ece80000)
 ParOldGen       total 36864K, used 13387K [0x00000000c1e00000, 0x00000000c4200000, 0x00000000eb500000)
  object space 36864K, 36% used [0x00000000c1e00000,0x00000000c2b12fb8,0x00000000c4200000)
 Metaspace       used 27679K, capacity 29036K, committed 29312K, reserved 1075200K
  class space    used 3844K, capacity 4123K, committed 4224K, reserved 1048576K
Event: 15.669 GC heap after
Heap after GC invocations=8 (full 1):
 PSYoungGen      total 26112K, used 6904K [0x00000000eb500000, 0x00000000ed900000, 0x0000000100000000)
  eden space 16384K, 0% used [0x00000000eb500000,0x00000000eb500000,0x00000000ec500000)
  from space 9728K, 70% used [0x00000000ec500000,0x00000000ecbbe110,0x00000000ece80000)
  to   space 10240K, 0% used [0x00000000ecf00000,0x00000000ecf00000,0x00000000ed900000)
 ParOldGen       total 36864K, used 13395K [0x00000000c1e00000, 0x00000000c4200000, 0x00000000eb500000)
  object space 36864K, 36% used [0x00000000c1e00000,0x00000000c2b14fb8,0x00000000c4200000)
 Metaspace       used 27679K, capacity 29036K, committed 29312K, reserved 1075200K
  class space    used 3844K, capacity 4123K, committed 4224K, reserved 1048576K
}

