# JRE version: Java(TM) SE Runtime Environment (8.0_261-b12) (build 1.8.0_261-b12)
# Java VM: Java HotSpot(TM) 64-Bit Server VM (25.261-b12 mixed mode windows-amd64 compressed oops)
Heap:
 PSYoungGen      total 26112K, used 14343K [0x00000000eb500000, 0x00000000ed900000, 0x0000000100000000)
  eden space 16384K, 45% used [0x00000000eb500000,0x00000000ebc4bc68,0x00000000ec500000)
  from space 9728K, 70% used [0x00000000ec500000,0x00000000ecbb6110,0x00000000ece80000)
  to   space 10240K, 0% used [0x00000000ecf00000,0x00000000ecf00000,0x00000000ed900000)
 ParOldGen       total 36864K, used 13341K [0x00000000c1e00000, 0x00000000c4200000, 0x00000000eb500000)
  object space 36864K, 36% used [0x00000000c1e00000,0x00000000c2b07748,0x00000000c4200000)
 Metaspace       used 30293K, capacity 31692K, committed 32000K, reserved 1077248K
  class space    used 4218K, capacity 4513K, committed 4608K, reserved 1048576K
GC Heap History (10 events):
Event: 9.666 GC heap before
{Heap before GC invocations=4 (full 0):
 PSYoungGen      total 18944K, used 18928K [0x00000000eb500000, 0x00000000eca00000, 0x0000000100000000)
  eden space 16384K, 100% used [0x00000000eb500000,0x00000000ec500000,0x00000000ec500000)
  from space 2560K, 99% used [0x00000000ec500000,0x00000000ec77c050,0x00000000ec780000)
  to   space 2560K, 0% used [0x00000000ec780000,0x00000000ec780000,0x00000000eca00000)
 ParOldGen       total 44032K, used 7407K [0x00000000c1e00000, 0x00000000c4900000, 0x00000000eb500000)
  object space 44032K, 16% used [0x00000000c1e00000,0x00000000c253be68,0x00000000c4900000)
 Metaspace       used 19738K, capacity 20522K, committed 20736K, reserved 1067008K
  class space    used 2825K, capacity 3036K, committed 3072K, reserved 1048576K
Event: 9.674 GC heap after
Heap after GC invocations=4 (full 0):
 PSYoungGen      total 18944K, used 2544K [0x00000000eb500000, 0x00000000eca00000, 0x0000000100000000)
  eden space 16384K, 0% used [0x00000000eb500000,0x00000000eb500000,0x00000000ec500000)
  from space 2560K, 99% used [0x00000000ec780000,0x00000000ec9fc030,0x00000000eca00000)
  to   space 2560K, 0% used [0x00000000ec500000,0x00000000ec500000,0x00000000ec780000)
 ParOldGen       total 44032K, used 11904K [0x00000000c1e00000, 0x00000000c4900000, 0x00000000eb500000)
  object space 44032K, 27% used [0x00000000c1e00000,0x00000000c29a00b0,0x00000000c4900000)
 Metaspace       used 19738K, capacity 20522K, committed 20736K, reserved 1067008K
  class space    used 2825K, capacity 3036K, committed 3072K, reserved 1048576K
}
Event: 11.043 GC heap before
{Heap before GC invocations=5 (full 0):
 PSYoungGen      total 18944K, used 6588K [0x00000000eb500000, 0x00000000eca00000, 0x0000000100000000)
  eden space 16384K, 24% used [0x00000000eb500000,0x00000000eb8f3158,0x00000000ec500000)
  from space 2560K, 99% used [0x00000000ec780000,0x00000000ec9fc030,0x00000000eca00000)
  to   space 2560K, 0% used [0x00000000ec500000,0x00000000ec500000,0x00000000ec780000)
 ParOldGen       total 44032K, used 11904K [0x00000000c1e00000, 0x00000000c4900000, 0x00000000eb500000)
  object space 44032K, 27% used [0x00000000c1e00000,0x00000000c29a00b0,0x00000000c4900000)
 Metaspace       used 20371K, capacity 21134K, committed 21296K, reserved 1067008K
  class space    used 2868K, capacity 3080K, committed 3200K, reserved 1048576K
Event: 11.051 GC heap after
Heap after GC invocations=5 (full 0):
 PSYoungGen      total 18944K, used 2528K [0x00000000eb500000, 0x00000000ed800000, 0x0000000100000000)
  eden space 16384K, 0% used [0x00000000eb500000,0x00000000eb500000,0x00000000ec500000)
  from space 2560K, 98% used [0x00000000ec500000,0x00000000ec778020,0x00000000ec780000)
  to   space 9728K, 0% used [0x00000000ece80000,0x00000000ece80000,0x00000000ed800000)
 ParOldGen       total 44032K, used 12637K [0x00000000c1e00000, 0x00000000c4900000, 0x00000000eb500000)
  object space 44032K, 28% used [0x00000000c1e00000,0x00000000c2a575d0,0x00000000c4900000)
 Metaspace       used 20371K, capacity 21134K, committed 21296K, reserved 1067008K
  class space    used 2868K, capacity 3080K, committed 3200K, reserved 1048576K
}
Event: 11.051 GC heap before
{Heap before GC invocations=6 (full 1):
 PSYoungGen      total 18944K, used 2528K [0x00000000eb500000, 0x00000000ed800000, 0x0000000100000000)
  eden space 16384K, 0% used [0x00000000eb500000,0x00000000eb500000,0x00000000ec500000)
  from space 2560K, 98% used [0x00000000ec500000,0x00000000ec778020,0x00000000ec780000)
  to   space 9728K, 0% used [0x00000000ece80000,0x00000000ece80000,0x00000000ed800000)
 ParOldGen       total 44032K, used 12637K [0x00000000c1e00000, 0x00000000c4900000, 0x00000000eb500000)
  object space 44032K, 28% used [0x00000000c1e00000,0x00000000c2a575d0,0x00000000c4900000)
 Metaspace       used 20371K, capacity 21134K, committed 21296K, reserved 1067008K
  class space    used 2868K, capacity 3080K, committed 3200K, reserved 1048576K
Event: 11.094 GC heap after
Heap after GC invocations=6 (full 1):
 PSYoungGen      total 18944K, used 0K [0x00000000eb500000, 0x00000000ed800000, 0x0000000100000000)
  eden space 16384K, 0% used [0x00000000eb500000,0x00000000eb500000,0x00000000ec500000)
  from space 2560K, 0% used [0x00000000ec500000,0x00000000ec500000,0x00000000ec780000)
  to   space 9728K, 0% used [0x00000000ece80000,0x00000000ece80000,0x00000000ed800000)
 ParOldGen       total 36864K, used 13325K [0x00000000c1e00000, 0x00000000c4200000, 0x00000000eb500000)
  object space 36864K, 36% used [0x00000000c1e00000,0x00000000c2b03748,0x00000000c4200000)
 Metaspace       used 20371K, capacity 21134K, committed 21296K, reserved 1067008K
  class space    used 2868K, capacity 3080K, committed 3200K, reserved 1048576K
}
Event: 11.600 GC heap before
{Heap before GC invocations=7 (full 1):
 PSYoungGen      total 18944K, used 13623K [0x00000000eb500000, 0x00000000ed800000, 0x0000000100000000)
  eden space 16384K, 83% used [0x00000000eb500000,0x00000000ec24dcf8,0x00000000ec500000)
  from space 2560K, 0% used [0x00000000ec500000,0x00000000ec500000,0x00000000ec780000)
  to   space 9728K, 0% used [0x00000000ece80000,0x00000000ece80000,0x00000000ed800000)
 ParOldGen       total 36864K, used 13325K [0x00000000c1e00000, 0x00000000c4200000, 0x00000000eb500000)
  object space 36864K, 36% used [0x00000000c1e00000,0x00000000c2b03748,0x00000000c4200000)
 Metaspace       used 22506K, capacity 23882K, committed 24064K, reserved 1069056K
  class space    used 3243K, capacity 3524K, committed 3584K, reserved 1048576K
Event: 11.605 GC heap after
Heap after GC invocations=7 (full 1):
 PSYoungGen      total 26112K, used 2141K [0x00000000eb500000, 0x00000000ee200000, 0x0000000100000000)
  eden space 16384K, 0% used [0x00000000eb500000,0x00000000eb500000,0x00000000ec500000)
  from space 9728K, 22% used [0x00000000ece80000,0x00000000ed0975f8,0x00000000ed800000)
  to   space 9728K, 0% used [0x00000000ec500000,0x00000000ec500000,0x00000000ece80000)
 ParOldGen       total 36864K, used 13333K [0x00000000c1e00000, 0x00000000c4200000, 0x00000000eb500000)
  object space 36864K, 36% used [0x00000000c1e00000,0x00000000c2b05748,0x00000000c4200000)
 Metaspace       used 22506K, capacity 23882K, committed 24064K, reserved 1069056K
  class space    used 3243K, capacity 3524K, committed 3584K, reserved 1048576K
}
Event: 16.987 GC heap before
{Heap before GC invocations=8 (full 1):
 PSYoungGen      total 26112K, used 18525K [0x00000000eb500000, 0x00000000ee200000, 0x0000000100000000)
  eden space 16384K, 100% used [0x00000000eb500000,0x00000000ec500000,0x00000000ec500000)
  from space 9728K, 22% used [0x00000000ece80000,0x00000000ed0975f8,0x00000000ed800000)
  to   space 9728K, 0% used [0x00000000ec500000,0x00000000ec500000,0x00000000ece80000)
 ParOldGen       total 36864K, used 13333K [0x00000000c1e00000, 0x00000000c4200000, 0x00000000eb500000)
  object space 36864K, 36% used [0x00000000c1e00000,0x00000000c2b05748,0x00000000c4200000)
 Metaspace       used 27476K, capacity 28812K, committed 29184K, reserved 1075200K
  class space    used 3819K, capacity 4091K, committed 4096K, reserved 1048576K
Event: 16.993 GC heap after
Heap after GC invocations=8 (full 1):
 PSYoungGen      total 26112K, used 6872K [0x00000000eb500000, 0x00000000ed900000, 0x0000000100000000)
  eden space 16384K, 0% used [0x00000000eb500000,0x00000000eb500000,0x00000000ec500000)
  from space 9728K, 70% used [0x00000000ec500000,0x00000000ecbb6110,0x00000000ece80000)
  to   space 10240K, 0% used [0x00000000ecf00000,0x00000000ecf00000,0x00000000ed900000)
 ParOldGen       total 36864K, used 13341K [0x00000000c1e00000, 0x00000000c4200000, 0x00000000eb500000)
  object space 36864K, 36% used [0x00000000c1e00000,0x00000000c2b07748,0x00000000c4200000)
 Metaspace       used 27476K, capacity 28812K, committed 29184K, reserved 1075200K
  class space    used 3819K, capacity 4091K, committed 4096K, reserved 1048576K
}

