# JRE version: Java(TM) SE Runtime Environment (8.0_261-b12) (build 1.8.0_261-b12)
# Java VM: Java HotSpot(TM) 64-Bit Server VM (25.261-b12 mixed mode windows-amd64 compressed oops)
Heap:
 PSYoungGen      total 24576K, used 21001K [0x00000000eb500000, 0x00000000ed900000, 0x0000000100000000)
  eden space 15360K, 90% used [0x00000000eb500000,0x00000000ec2a46e0,0x00000000ec400000)
  from space 9216K, 76% used [0x00000000ece00000,0x00000000ed4de110,0x00000000ed700000)
  to   space 10240K, 0% used [0x00000000ec400000,0x00000000ec400000,0x00000000ece00000)
 ParOldGen       total 36352K, used 13905K [0x00000000c1e00000, 0x00000000c4180000, 0x00000000eb500000)
  object space 36352K, 38% used [0x00000000c1e00000,0x00000000c2b94670,0x00000000c4180000)
 Metaspace       used 30789K, capacity 32172K, committed 32512K, reserved 1077248K
  class space    used 4219K, capacity 4485K, committed 4608K, reserved 1048576K
GC Heap History (10 events):
Event: 412.378 GC heap before
{Heap before GC invocations=7 (full 0):
 PSYoungGen      total 26112K, used 18976K [0x00000000eb500000, 0x00000000ed800000, 0x0000000100000000)
  eden space 16384K, 100% used [0x00000000eb500000,0x00000000ec500000,0x00000000ec500000)
  from space 9728K, 26% used [0x00000000ece80000,0x00000000ed108040,0x00000000ed800000)
  to   space 9728K, 0% used [0x00000000ec500000,0x00000000ec500000,0x00000000ece80000)
 ParOldGen       total 44032K, used 12885K [0x00000000c1e00000, 0x00000000c4900000, 0x00000000eb500000)
  object space 44032K, 29% used [0x00000000c1e00000,0x00000000c2a954f8,0x00000000c4900000)
 Metaspace       used 19387K, capacity 20068K, committed 20352K, reserved 1067008K
  class space    used 2712K, capacity 2889K, committed 2944K, reserved 1048576K
Event: 412.391 GC heap after
Heap after GC invocations=7 (full 0):
 PSYoungGen      total 26112K, used 1200K [0x00000000eb500000, 0x00000000ed800000, 0x0000000100000000)
  eden space 16384K, 0% used [0x00000000eb500000,0x00000000eb500000,0x00000000ec500000)
  from space 9728K, 12% used [0x00000000ec500000,0x00000000ec62c010,0x00000000ece80000)
  to   space 9728K, 0% used [0x00000000ece80000,0x00000000ece80000,0x00000000ed800000)
 ParOldGen       total 44032K, used 14265K [0x00000000c1e00000, 0x00000000c4900000, 0x00000000eb500000)
  object space 44032K, 32% used [0x00000000c1e00000,0x00000000c2bee5e0,0x00000000c4900000)
 Metaspace       used 19387K, capacity 20068K, committed 20352K, reserved 1067008K
  class space    used 2712K, capacity 2889K, committed 2944K, reserved 1048576K
}
Event: 430.761 GC heap before
{Heap before GC invocations=8 (full 0):
 PSYoungGen      total 26112K, used 9280K [0x00000000eb500000, 0x00000000ed800000, 0x0000000100000000)
  eden space 16384K, 49% used [0x00000000eb500000,0x00000000ebce40c0,0x00000000ec500000)
  from space 9728K, 12% used [0x00000000ec500000,0x00000000ec62c010,0x00000000ece80000)
  to   space 9728K, 0% used [0x00000000ece80000,0x00000000ece80000,0x00000000ed800000)
 ParOldGen       total 44032K, used 14265K [0x00000000c1e00000, 0x00000000c4900000, 0x00000000eb500000)
  object space 44032K, 32% used [0x00000000c1e00000,0x00000000c2bee5e0,0x00000000c4900000)
 Metaspace       used 20329K, capacity 21130K, committed 21248K, reserved 1067008K
  class space    used 2813K, capacity 3008K, committed 3072K, reserved 1048576K
Event: 430.768 GC heap after
Heap after GC invocations=8 (full 0):
 PSYoungGen      total 26112K, used 1299K [0x00000000eb500000, 0x00000000ed800000, 0x0000000100000000)
  eden space 16384K, 0% used [0x00000000eb500000,0x00000000eb500000,0x00000000ec500000)
  from space 9728K, 13% used [0x00000000ece80000,0x00000000ecfc4dc0,0x00000000ed800000)
  to   space 9728K, 0% used [0x00000000ec500000,0x00000000ec500000,0x00000000ece80000)
 ParOldGen       total 44032K, used 15263K [0x00000000c1e00000, 0x00000000c4900000, 0x00000000eb500000)
  object space 44032K, 34% used [0x00000000c1e00000,0x00000000c2ce7fa8,0x00000000c4900000)
 Metaspace       used 20329K, capacity 21130K, committed 21248K, reserved 1067008K
  class space    used 2813K, capacity 3008K, committed 3072K, reserved 1048576K
}
Event: 430.768 GC heap before
{Heap before GC invocations=9 (full 1):
 PSYoungGen      total 26112K, used 1299K [0x00000000eb500000, 0x00000000ed800000, 0x0000000100000000)
  eden space 16384K, 0% used [0x00000000eb500000,0x00000000eb500000,0x00000000ec500000)
  from space 9728K, 13% used [0x00000000ece80000,0x00000000ecfc4dc0,0x00000000ed800000)
  to   space 9728K, 0% used [0x00000000ec500000,0x00000000ec500000,0x00000000ece80000)
 ParOldGen       total 44032K, used 15263K [0x00000000c1e00000, 0x00000000c4900000, 0x00000000eb500000)
  object space 44032K, 34% used [0x00000000c1e00000,0x00000000c2ce7fa8,0x00000000c4900000)
 Metaspace       used 20329K, capacity 21130K, committed 21248K, reserved 1067008K
  class space    used 2813K, capacity 3008K, committed 3072K, reserved 1048576K
Event: 430.836 GC heap after
Heap after GC invocations=9 (full 1):
 PSYoungGen      total 26112K, used 0K [0x00000000eb500000, 0x00000000ed800000, 0x0000000100000000)
  eden space 16384K, 0% used [0x00000000eb500000,0x00000000eb500000,0x00000000ec500000)
  from space 9728K, 0% used [0x00000000ece80000,0x00000000ece80000,0x00000000ed800000)
  to   space 9728K, 0% used [0x00000000ec500000,0x00000000ec500000,0x00000000ece80000)
 ParOldGen       total 36352K, used 13889K [0x00000000c1e00000, 0x00000000c4180000, 0x00000000eb500000)
  object space 36352K, 38% used [0x00000000c1e00000,0x00000000c2b90670,0x00000000c4180000)
 Metaspace       used 20329K, capacity 21130K, committed 21248K, reserved 1067008K
  class space    used 2813K, capacity 3008K, committed 3072K, reserved 1048576K
}
Event: 433.696 GC heap before
{Heap before GC invocations=10 (full 1):
 PSYoungGen      total 26112K, used 16384K [0x00000000eb500000, 0x00000000ed800000, 0x0000000100000000)
  eden space 16384K, 100% used [0x00000000eb500000,0x00000000ec500000,0x00000000ec500000)
  from space 9728K, 0% used [0x00000000ece80000,0x00000000ece80000,0x00000000ed800000)
  to   space 9728K, 0% used [0x00000000ec500000,0x00000000ec500000,0x00000000ece80000)
 ParOldGen       total 36352K, used 13889K [0x00000000c1e00000, 0x00000000c4180000, 0x00000000eb500000)
  object space 36352K, 38% used [0x00000000c1e00000,0x00000000c2b90670,0x00000000c4180000)
 Metaspace       used 22658K, capacity 23826K, committed 23936K, reserved 1069056K
  class space    used 3174K, capacity 3430K, committed 3456K, reserved 1048576K
Event: 433.701 GC heap after
Heap after GC invocations=10 (full 1):
 PSYoungGen      total 18944K, used 2452K [0x00000000eb500000, 0x00000000ed700000, 0x0000000100000000)
  eden space 16384K, 0% used [0x00000000eb500000,0x00000000eb500000,0x00000000ec500000)
  from space 2560K, 95% used [0x00000000ec500000,0x00000000ec7650f8,0x00000000ec780000)
  to   space 9216K, 0% used [0x00000000ece00000,0x00000000ece00000,0x00000000ed700000)
 ParOldGen       total 36352K, used 13897K [0x00000000c1e00000, 0x00000000c4180000, 0x00000000eb500000)
  object space 36352K, 38% used [0x00000000c1e00000,0x00000000c2b92670,0x00000000c4180000)
 Metaspace       used 22658K, capacity 23826K, committed 23936K, reserved 1069056K
  class space    used 3174K, capacity 3430K, committed 3456K, reserved 1048576K
}
Event: 439.498 GC heap before
{Heap before GC invocations=11 (full 1):
 PSYoungGen      total 18944K, used 18836K [0x00000000eb500000, 0x00000000ed700000, 0x0000000100000000)
  eden space 16384K, 100% used [0x00000000eb500000,0x00000000ec500000,0x00000000ec500000)
  from space 2560K, 95% used [0x00000000ec500000,0x00000000ec7650f8,0x00000000ec780000)
  to   space 9216K, 0% used [0x00000000ece00000,0x00000000ece00000,0x00000000ed700000)
 ParOldGen       total 36352K, used 13897K [0x00000000c1e00000, 0x00000000c4180000, 0x00000000eb500000)
  object space 36352K, 38% used [0x00000000c1e00000,0x00000000c2b92670,0x00000000c4180000)
 Metaspace       used 24658K, capacity 25956K, committed 26240K, reserved 1071104K
  class space    used 3394K, capacity 3633K, committed 3712K, reserved 1048576K
Event: 439.505 GC heap after
Heap after GC invocations=11 (full 1):
 PSYoungGen      total 24576K, used 7032K [0x00000000eb500000, 0x00000000ed900000, 0x0000000100000000)
  eden space 15360K, 0% used [0x00000000eb500000,0x00000000eb500000,0x00000000ec400000)
  from space 9216K, 76% used [0x00000000ece00000,0x00000000ed4de110,0x00000000ed700000)
  to   space 10240K, 0% used [0x00000000ec400000,0x00000000ec400000,0x00000000ece00000)
 ParOldGen       total 36352K, used 13905K [0x00000000c1e00000, 0x00000000c4180000, 0x00000000eb500000)
  object space 36352K, 38% used [0x00000000c1e00000,0x00000000c2b94670,0x00000000c4180000)
 Metaspace       used 24658K, capacity 25956K, committed 26240K, reserved 1071104K
  class space    used 3394K, capacity 3633K, committed 3712K, reserved 1048576K
}

